{
  "stats": {
    "suites": 1,
    "tests": 2,
    "passes": 2,
    "pending": 0,
    "failures": 0,
    "start": "2021-03-11T10:34:08.352Z",
    "end": "2021-03-11T10:34:17.908Z",
    "duration": 9556,
    "testsRegistered": 2,
    "passPercent": 100,
    "pendingPercent": 0,
    "other": 0,
    "hasOther": false,
    "skipped": 0,
    "hasSkipped": false
  },
  "results": [
    {
      "uuid": "73437fb0-0589-4c2c-a3b0-8bdd85d4b41c",
      "title": "",
      "fullFile": "cypress\\integration\\login.ts",
      "file": "cypress\\integration\\login.ts",
      "beforeHooks": [],
      "afterHooks": [],
      "tests": [],
      "suites": [
        {
          "uuid": "06b53652-3722-4e04-b05a-8f793b5d31c7",
          "title": "allLoginTest",
          "fullFile": "",
          "file": "",
          "beforeHooks": [],
          "afterHooks": [],
          "tests": [
            {
              "title": "login test-valid cred",
              "fullTitle": "allLoginTest login test-valid cred",
              "timedOut": null,
              "duration": 1716,
              "state": "passed",
              "speed": "slow",
              "pass": true,
              "fail": false,
              "pending": false,
              "context": null,
              "code": "loginpage.loginWithValidCredentials('test', 'test');",
              "err": {},
              "uuid": "34c23433-7dc6-40ba-a798-f1a18ab86b45",
              "parentUUID": "06b53652-3722-4e04-b05a-8f793b5d31c7",
              "isHook": false,
              "skipped": false
            },
            {
              "title": "login test-invalid cred",
              "fullTitle": "allLoginTest login test-invalid cred",
              "timedOut": null,
              "duration": 4363,
              "state": "passed",
              "speed": "slow",
              "pass": true,
              "fail": false,
              "pending": false,
              "context": null,
              "code": "loginpage.loginWithInvalidCredentials('test1', '123');\ncy.get('.side').scrollTo('bottom');\ncy.get('[type=\"submit\"]').should('be.visible');",
              "err": {},
              "uuid": "5a82be2b-38fc-4f58-bc25-906fff28feb1",
              "parentUUID": "06b53652-3722-4e04-b05a-8f793b5d31c7",
              "isHook": false,
              "skipped": false
            }
          ],
          "suites": [],
          "passes": [
            "34c23433-7dc6-40ba-a798-f1a18ab86b45",
            "5a82be2b-38fc-4f58-bc25-906fff28feb1"
          ],
          "failures": [],
          "pending": [],
          "skipped": [],
          "duration": 6079,
          "root": false,
          "rootEmpty": false,
          "_timeout": 2000
        }
      ],
      "passes": [],
      "failures": [],
      "pending": [],
      "skipped": [],
      "duration": 0,
      "root": true,
      "rootEmpty": true,
      "_timeout": 2000
    }
  ],
  "meta": {
    "mocha": {
      "version": "7.0.1"
    },
    "mochawesome": {
      "options": {
        "quiet": false,
        "reportFilename": "mochawesome",
        "saveHtml": false,
        "saveJson": true,
        "consoleReporter": "spec",
        "useInlineDiffs": false,
        "code": true
      },
      "version": "6.2.2"
    },
    "marge": {
      "options": {
        "reportDir": "cypress/results/json",
        "overwrite": false,
        "html": false,
        "json": true
      },
      "version": "5.2.0"
    }
  }
}